-encoding
UTF-8
-outxml
-source
1.6
-target
1.6
-classpath
/home/enrique/.m2/repository/junit/junit/4.11/junit-4.11.jar:/home/enrique/.m2/repository/log4j/log4j/1.2.17/log4j-1.2.17.jar:/home/enrique/.m2/repository/org/slf4j/slf4j-api/1.7.5/slf4j-api-1.7.5.jar:/home/enrique/.m2/repository/org/slf4j/jcl-over-slf4j/1.7.5/jcl-over-slf4j-1.7.5.jar:/home/enrique/.m2/repository/org/slf4j/slf4j-log4j12/1.7.5/slf4j-log4j12-1.7.5.jar:/home/enrique/.m2/repository/org/aspectj/aspectjrt/1.7.4/aspectjrt-1.7.4.jar:/home/enrique/.m2/repository/org/aspectj/aspectjweaver/1.7.4/aspectjweaver-1.7.4.jar:/home/enrique/.m2/repository/javax/servlet/servlet-api/2.5/servlet-api-2.5.jar:/home/enrique/.m2/repository/net/sf/flexjson/flexjson/2.1/flexjson-2.1.jar:/home/enrique/.m2/repository/org/apache/commons/commons-lang3/3.1/commons-lang3-3.1.jar:/home/enrique/.m2/repository/org/springframework/roo/org.springframework.roo.annotations/1.2.5.RELEASE/org.springframework.roo.annotations-1.2.5.RELEASE.jar:/home/enrique/.m2/repository/org/springframework/spring-core/3.2.6.RELEASE/spring-core-3.2.6.RELEASE.jar:/home/enrique/.m2/repository/org/springframework/spring-test/3.2.6.RELEASE/spring-test-3.2.6.RELEASE.jar:/home/enrique/.m2/repository/org/springframework/spring-context/3.2.6.RELEASE/spring-context-3.2.6.RELEASE.jar:/home/enrique/.m2/repository/org/springframework/spring-aop/3.2.6.RELEASE/spring-aop-3.2.6.RELEASE.jar:/home/enrique/.m2/repository/org/springframework/spring-aspects/3.2.6.RELEASE/spring-aspects-3.2.6.RELEASE.jar:/home/enrique/.m2/repository/org/hsqldb/hsqldb/2.2.9/hsqldb-2.2.9.jar:/home/enrique/.m2/repository/org/hibernate/hibernate-core/4.2.2.Final/hibernate-core-4.2.2.Final.jar:/home/enrique/.m2/repository/org/hibernate/hibernate-entitymanager/4.2.2.Final/hibernate-entitymanager-4.2.2.Final.jar:/home/enrique/.m2/repository/org/hibernate/javax/persistence/hibernate-jpa-2.0-api/1.0.1.Final/hibernate-jpa-2.0-api-1.0.1.Final.jar:/home/enrique/.m2/repository/commons-collections/commons-collections/3.2.1/commons-collections-3.2.1.jar:/home/enrique/.m2/repository/org/hibernate/hibernate-validator/4.3.1.Final/hibernate-validator-4.3.1.Final.jar:/home/enrique/.m2/repository/javax/validation/validation-api/1.0.0.GA/validation-api-1.0.0.GA.jar:/home/enrique/.m2/repository/javax/transaction/jta/1.1/jta-1.1.jar:/home/enrique/.m2/repository/org/springframework/spring-jdbc/3.2.6.RELEASE/spring-jdbc-3.2.6.RELEASE.jar:/home/enrique/.m2/repository/org/springframework/spring-orm/3.2.6.RELEASE/spring-orm-3.2.6.RELEASE.jar:/home/enrique/.m2/repository/commons-pool/commons-pool/1.5.6/commons-pool-1.5.6.jar:/home/enrique/.m2/repository/commons-dbcp/commons-dbcp/1.4/commons-dbcp-1.4.jar:/home/enrique/.m2/repository/org/springframework/spring-webmvc/3.2.6.RELEASE/spring-webmvc-3.2.6.RELEASE.jar:/home/enrique/.m2/repository/org/springframework/webflow/spring-js-resources/2.2.1.RELEASE/spring-js-resources-2.2.1.RELEASE.jar:/home/enrique/.m2/repository/commons-digester/commons-digester/2.1/commons-digester-2.1.jar:/home/enrique/.m2/repository/commons-fileupload/commons-fileupload/1.2.2/commons-fileupload-1.2.2.jar:/home/enrique/.m2/repository/javax/servlet/jsp/jstl/jstl-api/1.2/jstl-api-1.2.jar:/home/enrique/.m2/repository/org/glassfish/web/jstl-impl/1.2/jstl-impl-1.2.jar:/home/enrique/.m2/repository/javax/el/el-api/2.2/el-api-2.2.jar:/home/enrique/.m2/repository/joda-time/joda-time/1.6/joda-time-1.6.jar:/home/enrique/.m2/repository/javax/servlet/jsp/jsp-api/2.1/jsp-api-2.1.jar:/home/enrique/.m2/repository/commons-codec/commons-codec/1.5/commons-codec-1.5.jar:/home/enrique/.m2/repository/org/apache/tiles/tiles-jsp/2.2.2/tiles-jsp-2.2.2.jar:/home/enrique/.m2/repository/commons-io/commons-io/2.4/commons-io-2.4.jar:/home/enrique/.m2/repository/org/springframework/spring-beans/3.2.6.RELEASE/spring-beans-3.2.6.RELEASE.jar:/home/enrique/.m2/repository/org/springframework/spring-expression/3.2.6.RELEASE/spring-expression-3.2.6.RELEASE.jar:/home/enrique/.m2/repository/aopalliance/aopalliance/1.0/aopalliance-1.0.jar:/home/enrique/.m2/repository/org/springframework/spring-context-support/3.2.6.RELEASE/spring-context-support-3.2.6.RELEASE.jar:/home/enrique/.m2/repository/antlr/antlr/2.7.7/antlr-2.7.7.jar:/home/enrique/.m2/repository/org/jboss/logging/jboss-logging/3.1.0.GA/jboss-logging-3.1.0.GA.jar:/home/enrique/.m2/repository/dom4j/dom4j/1.6.1/dom4j-1.6.1.jar:/home/enrique/.m2/repository/org/jboss/spec/javax/transaction/jboss-transaction-api_1.1_spec/1.0.1.Final/jboss-transaction-api_1.1_spec-1.0.1.Final.jar:/home/enrique/.m2/repository/org/hibernate/common/hibernate-commons-annotations/4.0.2.Final/hibernate-commons-annotations-4.0.2.Final.jar:/home/enrique/.m2/repository/org/javassist/javassist/3.15.0-GA/javassist-3.15.0-GA.jar:/home/enrique/.m2/repository/org/springframework/spring-tx/3.2.6.RELEASE/spring-tx-3.2.6.RELEASE.jar:/home/enrique/.m2/repository/org/springframework/spring-web/3.2.6.RELEASE/spring-web-3.2.6.RELEASE.jar:/home/enrique/.m2/repository/commons-beanutils/commons-beanutils/1.8.3/commons-beanutils-1.8.3.jar:/home/enrique/.m2/repository/org/apache/tiles/tiles-servlet/2.2.2/tiles-servlet-2.2.2.jar:/home/enrique/.m2/repository/org/apache/tiles/tiles-core/2.2.2/tiles-core-2.2.2.jar:/home/enrique/.m2/repository/org/apache/tiles/tiles-template/2.2.2/tiles-template-2.2.2.jar:/home/enrique/.m2/repository/org/apache/tiles/tiles-api/2.2.2/tiles-api-2.2.2.jar:/home/enrique/projects/mcel2/target/classes
-aspectpath
/home/enrique/.m2/repository/org/springframework/spring-aspects/3.2.6.RELEASE/spring-aspects-3.2.6.RELEASE.jar
-d
/home/enrique/projects/mcel2/target/classes
/home/enrique/projects/mcel2/src/main/java/com/mcel2/domain/ProductBrand_Roo_Jpa_ActiveRecord.aj
/home/enrique/projects/mcel2/src/main/java/com/mcel2/domain/Accer_Roo_Configurable.aj
/home/enrique/projects/mcel2/src/main/java/com/mcel2/domain/Product.java
/home/enrique/projects/mcel2/src/main/java/com/mcel2/domain/ServiceDiagnosys_Roo_ToString.aj
/home/enrique/projects/mcel2/src/main/java/com/mcel2/domain/ProductFamily_Roo_JavaBean.aj
/home/enrique/projects/mcel2/src/main/java/com/mcel2/domain/ProductColor.java
/home/enrique/projects/mcel2/src/main/java/com/mcel2/domain/CustomerAddress_Roo_Jpa_Entity.aj
/home/enrique/projects/mcel2/src/main/java/com/mcel2/domain/ServiceOrder_Roo_ToString.aj
/home/enrique/projects/mcel2/src/main/java/com/mcel2/domain/ServiceDiagnosys_Roo_Jpa_ActiveRecord.aj
/home/enrique/projects/mcel2/src/main/java/com/mcel2/domain/UserType_Roo_JavaBean.aj
/home/enrique/projects/mcel2/src/main/java/com/mcel2/domain/ProductCosmeticState_Roo_Jpa_ActiveRecord.aj
/home/enrique/projects/mcel2/src/main/java/com/mcel2/domain/ProductFamily_Roo_Jpa_Entity.aj
/home/enrique/projects/mcel2/src/main/java/com/mcel2/domain/Contract_Roo_Jpa_ActiveRecord.aj
/home/enrique/projects/mcel2/src/main/java/com/mcel2/domain/ProductBrand_Roo_Configurable.aj
/home/enrique/projects/mcel2/src/main/java/com/mcel2/domain/DiagnosisItems_Roo_Configurable.aj
/home/enrique/projects/mcel2/src/main/java/com/mcel2/domain/Product_Roo_Jpa_Entity.aj
/home/enrique/projects/mcel2/src/main/java/com/mcel2/domain/ProductCosmeticState.java
/home/enrique/projects/mcel2/src/main/java/com/mcel2/domain/Accesories.java
/home/enrique/projects/mcel2/src/main/java/com/mcel2/domain/DiagnosisType_Roo_Jpa_ActiveRecord.aj
/home/enrique/projects/mcel2/src/main/java/com/mcel2/domain/Contract_Roo_Jpa_Entity.aj
/home/enrique/projects/mcel2/src/main/java/com/mcel2/domain/Accesories_Roo_Configurable.aj
/home/enrique/projects/mcel2/src/main/java/com/mcel2/domain/Customer_Roo_JavaBean.aj
/home/enrique/projects/mcel2/src/main/java/com/mcel2/domain/UserProfile_Roo_ToString.aj
/home/enrique/projects/mcel2/src/main/java/com/mcel2/domain/ServiceDiagnosys_Roo_Jpa_Entity.aj
/home/enrique/projects/mcel2/src/main/java/com/mcel2/domain/UserType.java
/home/enrique/projects/mcel2/src/main/java/com/mcel2/domain/Product_Roo_Configurable.aj
/home/enrique/projects/mcel2/src/main/java/com/mcel2/domain/ProductSubFamily_Roo_JavaBean.aj
/home/enrique/projects/mcel2/src/main/java/com/mcel2/domain/ServiceOrder.java
/home/enrique/projects/mcel2/src/main/java/com/mcel2/domain/PossibleFailuresType_Roo_Jpa_Entity.aj
/home/enrique/projects/mcel2/src/main/java/com/mcel2/domain/PossibleFailures_Roo_Jpa_Entity.aj
/home/enrique/projects/mcel2/src/main/java/com/mcel2/domain/PossibleFailures.java
/home/enrique/projects/mcel2/src/main/java/com/mcel2/domain/PossibleFailures_Roo_ToString.aj
/home/enrique/projects/mcel2/src/main/java/com/mcel2/domain/DiagnosisType.java
/home/enrique/projects/mcel2/src/main/java/com/mcel2/domain/DiagnosisType_Roo_JavaBean.aj
/home/enrique/projects/mcel2/src/main/java/com/mcel2/domain/Accesories_Roo_Jpa_ActiveRecord.aj
/home/enrique/projects/mcel2/src/main/java/com/mcel2/domain/CustomerAddress_Roo_Jpa_ActiveRecord.aj
/home/enrique/projects/mcel2/src/main/java/com/mcel2/domain/DiagnosisItems_Roo_ToString.aj
/home/enrique/projects/mcel2/src/main/java/com/mcel2/domain/DiagnosysServices_Roo_ToString.aj
/home/enrique/projects/mcel2/src/main/java/com/mcel2/domain/Customer_Roo_Jpa_Entity.aj
/home/enrique/projects/mcel2/src/main/java/com/mcel2/domain/DiagnosisItems_Roo_Jpa_ActiveRecord.aj
/home/enrique/projects/mcel2/src/main/java/com/mcel2/domain/DiagnosisItems.java
/home/enrique/projects/mcel2/src/main/java/com/mcel2/domain/ProductFamily_Roo_Jpa_ActiveRecord.aj
/home/enrique/projects/mcel2/src/main/java/com/mcel2/domain/Failures_Roo_Configurable.aj
/home/enrique/projects/mcel2/src/main/java/com/mcel2/domain/ProductSubFamily_Roo_ToString.aj
/home/enrique/projects/mcel2/src/main/java/com/mcel2/domain/Customer.java
/home/enrique/projects/mcel2/src/main/java/com/mcel2/domain/Contract_Roo_JavaBean.aj
/home/enrique/projects/mcel2/src/main/java/com/mcel2/domain/DiagnosisItems_Roo_JavaBean.aj
/home/enrique/projects/mcel2/src/main/java/com/mcel2/domain/ProductColor_Roo_JavaBean.aj
/home/enrique/projects/mcel2/src/main/java/com/mcel2/domain/Accesories_Roo_Jpa_Entity.aj
/home/enrique/projects/mcel2/src/main/java/com/mcel2/domain/Customer_Roo_Jpa_ActiveRecord.aj
/home/enrique/projects/mcel2/src/main/java/com/mcel2/domain/ProductCosmeticState_Roo_JavaBean.aj
/home/enrique/projects/mcel2/src/main/java/com/mcel2/domain/PossibleFailuresType_Roo_ToString.aj
/home/enrique/projects/mcel2/src/main/java/com/mcel2/domain/CustomerAddress_Roo_ToString.aj
/home/enrique/projects/mcel2/src/main/java/com/mcel2/domain/UserProfile.java
/home/enrique/projects/mcel2/src/main/java/com/mcel2/domain/ProductSubFamily_Roo_Jpa_Entity.aj
/home/enrique/projects/mcel2/src/main/java/com/mcel2/domain/Accer_Roo_Jpa_Entity.aj
/home/enrique/projects/mcel2/src/main/java/com/mcel2/domain/DiagnosysServices.java
/home/enrique/projects/mcel2/src/main/java/com/mcel2/domain/CustomerAddress_Roo_Configurable.aj
/home/enrique/projects/mcel2/src/main/java/com/mcel2/domain/ProductCosmeticState_Roo_Configurable.aj
/home/enrique/projects/mcel2/src/main/java/com/mcel2/domain/DiagnosisType_Roo_Jpa_Entity.aj
/home/enrique/projects/mcel2/src/main/java/com/mcel2/domain/ProductCosmeticState_Roo_Jpa_Entity.aj
/home/enrique/projects/mcel2/src/main/java/com/mcel2/domain/ProductFamily_Roo_ToString.aj
/home/enrique/projects/mcel2/src/main/java/com/mcel2/domain/UserProfile_Roo_Configurable.aj
/home/enrique/projects/mcel2/src/main/java/com/mcel2/domain/Product_Roo_Jpa_ActiveRecord.aj
/home/enrique/projects/mcel2/src/main/java/com/mcel2/domain/Customer_Roo_Configurable.aj
/home/enrique/projects/mcel2/src/main/java/com/mcel2/domain/ServiceOrder_Roo_Configurable.aj
/home/enrique/projects/mcel2/src/main/java/com/mcel2/domain/DiagnosysServices_Roo_Configurable.aj
/home/enrique/projects/mcel2/src/main/java/com/mcel2/domain/PossibleFailures_Roo_JavaBean.aj
/home/enrique/projects/mcel2/src/main/java/com/mcel2/domain/DiagnosysServices_Roo_JavaBean.aj
/home/enrique/projects/mcel2/src/main/java/com/mcel2/domain/ProductColor_Roo_ToString.aj
/home/enrique/projects/mcel2/src/main/java/com/mcel2/domain/ProductBrand_Roo_Jpa_Entity.aj
/home/enrique/projects/mcel2/src/main/java/com/mcel2/domain/Product_Roo_JavaBean.aj
/home/enrique/projects/mcel2/src/main/java/com/mcel2/domain/ProductColor_Roo_Jpa_Entity.aj
/home/enrique/projects/mcel2/src/main/java/com/mcel2/domain/ProductSubFamily_Roo_Configurable.aj
/home/enrique/projects/mcel2/src/main/java/com/mcel2/domain/ProductBrand_Roo_ToString.aj
/home/enrique/projects/mcel2/src/main/java/com/mcel2/domain/Failures.java
/home/enrique/projects/mcel2/src/main/java/com/mcel2/domain/Customer_Roo_ToString.aj
/home/enrique/projects/mcel2/src/main/java/com/mcel2/domain/Accer_Roo_Jpa_ActiveRecord.aj
/home/enrique/projects/mcel2/src/main/java/com/mcel2/domain/PossibleFailuresType.java
/home/enrique/projects/mcel2/src/main/java/com/mcel2/domain/CustomerAddress_Roo_JavaBean.aj
/home/enrique/projects/mcel2/src/main/java/com/mcel2/domain/PossibleFailures_Roo_Jpa_ActiveRecord.aj
/home/enrique/projects/mcel2/src/main/java/com/mcel2/domain/Contract_Roo_Configurable.aj
/home/enrique/projects/mcel2/src/main/java/com/mcel2/domain/UserProfile_Roo_JavaBean.aj
/home/enrique/projects/mcel2/src/main/java/com/mcel2/domain/ProductColor_Roo_Jpa_ActiveRecord.aj
/home/enrique/projects/mcel2/src/main/java/com/mcel2/domain/ServiceOrder_Roo_JavaBean.aj
/home/enrique/projects/mcel2/src/main/java/com/mcel2/domain/ProductColor_Roo_Configurable.aj
/home/enrique/projects/mcel2/src/main/java/com/mcel2/domain/Contract_Roo_ToString.aj
/home/enrique/projects/mcel2/src/main/java/com/mcel2/domain/DiagnosisType_Roo_ToString.aj
/home/enrique/projects/mcel2/src/main/java/com/mcel2/domain/UserProfile_Roo_Jpa_ActiveRecord.aj
/home/enrique/projects/mcel2/src/main/java/com/mcel2/domain/ServiceDiagnosys_Roo_Configurable.aj
/home/enrique/projects/mcel2/src/main/java/com/mcel2/domain/ProductBrand_Roo_JavaBean.aj
/home/enrique/projects/mcel2/src/main/java/com/mcel2/domain/UserType_Roo_Configurable.aj
/home/enrique/projects/mcel2/src/main/java/com/mcel2/domain/ServiceOrder_Roo_Jpa_Entity.aj
/home/enrique/projects/mcel2/src/main/java/com/mcel2/domain/Failures_Roo_ToString.aj
/home/enrique/projects/mcel2/src/main/java/com/mcel2/domain/ServiceDiagnosys.java
/home/enrique/projects/mcel2/src/main/java/com/mcel2/domain/ProductBrand.java
/home/enrique/projects/mcel2/src/main/java/com/mcel2/domain/ProductSubFamily.java
/home/enrique/projects/mcel2/src/main/java/com/mcel2/domain/ProductCosmeticState_Roo_ToString.aj
/home/enrique/projects/mcel2/src/main/java/com/mcel2/domain/ProductSubFamily_Roo_Jpa_ActiveRecord.aj
/home/enrique/projects/mcel2/src/main/java/com/mcel2/domain/UserType_Roo_ToString.aj
/home/enrique/projects/mcel2/src/main/java/com/mcel2/domain/DiagnosisType_Roo_Configurable.aj
/home/enrique/projects/mcel2/src/main/java/com/mcel2/domain/PossibleFailuresType_Roo_Configurable.aj
/home/enrique/projects/mcel2/src/main/java/com/mcel2/domain/DiagnosysServices_Roo_Jpa_ActiveRecord.aj
/home/enrique/projects/mcel2/src/main/java/com/mcel2/domain/PossibleFailures_Roo_Configurable.aj
/home/enrique/projects/mcel2/src/main/java/com/mcel2/domain/ServiceDiagnosys_Roo_JavaBean.aj
/home/enrique/projects/mcel2/src/main/java/com/mcel2/domain/UserType_Roo_Jpa_Entity.aj
/home/enrique/projects/mcel2/src/main/java/com/mcel2/domain/UserProfile_Roo_Jpa_Entity.aj
/home/enrique/projects/mcel2/src/main/java/com/mcel2/domain/Product_Roo_ToString.aj
/home/enrique/projects/mcel2/src/main/java/com/mcel2/domain/DiagnosisItems_Roo_Jpa_Entity.aj
/home/enrique/projects/mcel2/src/main/java/com/mcel2/domain/Accer.java
/home/enrique/projects/mcel2/src/main/java/com/mcel2/domain/ProductFamily_Roo_Configurable.aj
/home/enrique/projects/mcel2/src/main/java/com/mcel2/domain/Contract.java
/home/enrique/projects/mcel2/src/main/java/com/mcel2/domain/DiagnosysServices_Roo_Jpa_Entity.aj
/home/enrique/projects/mcel2/src/main/java/com/mcel2/domain/Failures_Roo_Jpa_Entity.aj
/home/enrique/projects/mcel2/src/main/java/com/mcel2/domain/UserType_Roo_Jpa_ActiveRecord.aj
/home/enrique/projects/mcel2/src/main/java/com/mcel2/domain/CustomerAddress.java
/home/enrique/projects/mcel2/src/main/java/com/mcel2/domain/PossibleFailuresType_Roo_JavaBean.aj
/home/enrique/projects/mcel2/src/main/java/com/mcel2/domain/Accesories_Roo_JavaBean.aj
/home/enrique/projects/mcel2/src/main/java/com/mcel2/domain/ServiceOrder_Roo_Jpa_ActiveRecord.aj
/home/enrique/projects/mcel2/src/main/java/com/mcel2/domain/PossibleFailuresType_Roo_Jpa_ActiveRecord.aj
/home/enrique/projects/mcel2/src/main/java/com/mcel2/domain/Failures_Roo_Jpa_ActiveRecord.aj
/home/enrique/projects/mcel2/src/main/java/com/mcel2/domain/ProductFamily.java
/home/enrique/projects/mcel2/src/main/java/com/mcel2/domain/Accer_Roo_ToString.aj
/home/enrique/projects/mcel2/src/main/java/com/mcel2/domain/Accesories_Roo_ToString.aj
/home/enrique/projects/mcel2/src/main/java/com/mcel2/web/ServiceDiagnosysController.java
/home/enrique/projects/mcel2/src/main/java/com/mcel2/web/FailuresController_Roo_Controller.aj
/home/enrique/projects/mcel2/src/main/java/com/mcel2/web/PossibleFailuresController_Roo_Controller.aj
/home/enrique/projects/mcel2/src/main/java/com/mcel2/web/UserTypeController_Roo_Controller.aj
/home/enrique/projects/mcel2/src/main/java/com/mcel2/web/AccesoriesController.java
/home/enrique/projects/mcel2/src/main/java/com/mcel2/web/DiagnosysServicesController_Roo_Controller.aj
/home/enrique/projects/mcel2/src/main/java/com/mcel2/web/CustomerAddressController.java
/home/enrique/projects/mcel2/src/main/java/com/mcel2/web/ServiceOrderController.java
/home/enrique/projects/mcel2/src/main/java/com/mcel2/web/ProductCosmeticStateController_Roo_Controller.aj
/home/enrique/projects/mcel2/src/main/java/com/mcel2/web/AccerController_Roo_Controller.aj
/home/enrique/projects/mcel2/src/main/java/com/mcel2/web/ProductController.java
/home/enrique/projects/mcel2/src/main/java/com/mcel2/web/PossibleFailuresController.java
/home/enrique/projects/mcel2/src/main/java/com/mcel2/web/ProductColorController.java
/home/enrique/projects/mcel2/src/main/java/com/mcel2/web/ContractController.java
/home/enrique/projects/mcel2/src/main/java/com/mcel2/web/ApplicationConversionServiceFactoryBean_Roo_ConversionService.aj
/home/enrique/projects/mcel2/src/main/java/com/mcel2/web/ProductCosmeticStateController.java
/home/enrique/projects/mcel2/src/main/java/com/mcel2/web/DiagnosisTypeController_Roo_Controller.aj
/home/enrique/projects/mcel2/src/main/java/com/mcel2/web/ProductFamilyController_Roo_Controller.aj
/home/enrique/projects/mcel2/src/main/java/com/mcel2/web/CustomerController.java
/home/enrique/projects/mcel2/src/main/java/com/mcel2/web/AccesoriesController_Roo_Controller.aj
/home/enrique/projects/mcel2/src/main/java/com/mcel2/web/ProductBrandController.java
/home/enrique/projects/mcel2/src/main/java/com/mcel2/web/ProductController_Roo_Controller.aj
/home/enrique/projects/mcel2/src/main/java/com/mcel2/web/DiagnosisItemsController_Roo_Controller.aj
/home/enrique/projects/mcel2/src/main/java/com/mcel2/web/DiagnosisTypeController.java
/home/enrique/projects/mcel2/src/main/java/com/mcel2/web/UserTypeController.java
/home/enrique/projects/mcel2/src/main/java/com/mcel2/web/ProductBrandController_Roo_Controller.aj
/home/enrique/projects/mcel2/src/main/java/com/mcel2/web/ProductSubFamilyController_Roo_Controller.aj
/home/enrique/projects/mcel2/src/main/java/com/mcel2/web/DiagnosysServicesController.java
/home/enrique/projects/mcel2/src/main/java/com/mcel2/web/ProductSubFamilyController.java
/home/enrique/projects/mcel2/src/main/java/com/mcel2/web/PossibleFailuresTypeController_Roo_Controller.aj
/home/enrique/projects/mcel2/src/main/java/com/mcel2/web/PossibleFailuresTypeController.java
/home/enrique/projects/mcel2/src/main/java/com/mcel2/web/CustomerController_Roo_Controller.aj
/home/enrique/projects/mcel2/src/main/java/com/mcel2/web/ContractController_Roo_Controller.aj
/home/enrique/projects/mcel2/src/main/java/com/mcel2/web/ServiceDiagnosysController_Roo_Controller.aj
/home/enrique/projects/mcel2/src/main/java/com/mcel2/web/UserProfileController_Roo_Controller.aj
/home/enrique/projects/mcel2/src/main/java/com/mcel2/web/CustomerAddressController_Roo_Controller.aj
/home/enrique/projects/mcel2/src/main/java/com/mcel2/web/ProductColorController_Roo_Controller.aj
/home/enrique/projects/mcel2/src/main/java/com/mcel2/web/ApplicationConversionServiceFactoryBean.java
/home/enrique/projects/mcel2/src/main/java/com/mcel2/web/FailuresController.java
/home/enrique/projects/mcel2/src/main/java/com/mcel2/web/UserProfileController.java
/home/enrique/projects/mcel2/src/main/java/com/mcel2/web/DiagnosisItemsController.java
/home/enrique/projects/mcel2/src/main/java/com/mcel2/web/ServiceOrderController_Roo_Controller.aj
/home/enrique/projects/mcel2/src/main/java/com/mcel2/web/AccerController.java
/home/enrique/projects/mcel2/src/main/java/com/mcel2/web/ProductFamilyController.java
